Added Component: Designator=ST(ON_Semi_318BM_0)
Add component (AddParameter): Name = "Capacitance"; Value = "SKIP"; VariantName = "[No Variations]"
Add component (AddParameter): Name = "Collector Base Voltage"; Value = "180V"; VariantName = "[No Variations]"
Add component (AddParameter): Name = "Collector Emitter Breakdown Voltage"; Value = "160V"; VariantName = "[No Variations]"
Add component (AddParameter): Name = "Collector Emitter Saturation Voltage"; Value = "0.2V"; VariantName = "[No Variations]"
Add component (AddParameter): Name = "Collector Emitter Voltage"; Value = "160V"; VariantName = "[No Variations]"
Add component (AddParameter): Name = "ComponentLink1Description"; Value = "Upverter"; VariantName = "[No Variations]"
Add component (AddParameter): Name = "ComponentLink1URL"; Value = "https://upverter.com/upn/revision/1e093772ae9a7220/"; VariantName = "[No Variations]"
Add component (AddParameter): Name = "ComponentLink2Description"; Value = "Datasheet"; VariantName = "[No Variations]"
Add component (AddParameter): Name = "ComponentLink2URL"; Value = "http://www.onsemi.com/pub/Collateral/2N5551-D.pdf"; VariantName = "[No Variations]"
Add component (AddParameter): Name = "Datasheet Path"; Value = "datasheets/Trans_ON_Semi_MMBT5551_eec.pdf"; VariantName = "[No Variations]"
Add component (AddParameter): Name = "Datasheet Path1"; Value = "datasheets/Trans_ON_Semi_MMBT5551_eec.pdf"; VariantName = "[No Variations]"
Add component (AddParameter): Name = "Digikey Description"; Value = "TRANS NPN 160V 0.6A SOT-23"; VariantName = "[No Variations]"
Add component (AddParameter): Name = "Digikey Part Number"; Value = "MMBT5551FSCT-ND"; VariantName = "[No Variations]"
Add component (AddParameter): Name = "Emitter Base Voltage"; Value = "6V"; VariantName = "[No Variations]"
Add component (AddParameter): Name = "Footprint Url"; Value = "http://www.onsemi.com/pub/Collateral/318BM.PDF"; VariantName = "[No Variations]"
Add component (AddParameter): Name = "Gain Bandwidth Product"; Value = "100MHz"; VariantName = "[No Variations]"
Add component (AddParameter): Name = "Height"; Value = "1.2mm"; VariantName = "[No Variations]"
Add component (AddParameter): Name = "helpURL"; Value = "https://upverter.com/upn/revision/1e093772ae9a7220/"; VariantName = "[No Variations]"
Add component (AddParameter): Name = "Hfe Min"; Value = "80"; VariantName = "[No Variations]"
Add component (AddParameter): Name = "Inductance"; Value = "SKIP"; VariantName = "[No Variations]"
Add component (AddParameter): Name = "Lead Free"; Value = "yes"; VariantName = "[No Variations]"
Add component (AddParameter): Name = "Library Path1"; Value = "parts/Trans_ON_Semi_MMBT5551_eec.SchLib"; VariantName = "[No Variations]"
Add component (AddParameter): Name = "Library Ref1"; Value = "MMBT5551"; VariantName = "[No Variations]"
Add component (AddParameter): Name = "Manufacturer"; Value = "ON Semi"; VariantName = "[No Variations]"
Add component (AddParameter): Name = "Max Collector Current"; Value = "600mA"; VariantName = "[No Variations]"
Add component (AddParameter): Name = "Max Junction Temp"; Value = "+150°C"; VariantName = "[No Variations]"
Add component (AddParameter): Name = "Mouser Part Number"; Value = "512-MMBT5551"; VariantName = "[No Variations]"
Add component (AddParameter): Name = "Number Of Elements"; Value = "1"; VariantName = "[No Variations]"
Add component (AddParameter): Name = "Number Of Npn"; Value = "1"; VariantName = "[No Variations]"
Add component (AddParameter): Name = "Number Of Pnp"; Value = "0"; VariantName = "[No Variations]"
Add component (AddParameter): Name = "Package"; Value = "318BM"; VariantName = "[No Variations]"
Add component (AddParameter): Name = "Part Number"; Value = "MMBT5551"; VariantName = "[No Variations]"
Add component (AddParameter): Name = "Power Dissipation"; Value = "350mW"; VariantName = "[No Variations]"
Add component (AddParameter): Name = "Price"; Value = "SKIP"; VariantName = "[No Variations]"
Add component (AddParameter): Name = "Resistance"; Value = "SKIP"; VariantName = "[No Variations]"
Add component (AddParameter): Name = "RoHS"; Value = "TRUE"; VariantName = "[No Variations]"
Add component (AddParameter): Name = "Standoff Height"; Value = "0mm"; VariantName = "[No Variations]"
Add component (AddParameter): Name = "Supplier 1"; Value = "Digi-Key"; VariantName = "[No Variations]"
Add component (AddParameter): Name = "Supplier 2"; Value = "Mouser"; VariantName = "[No Variations]"
Add component (AddParameter): Name = "Supplier Part Number 1"; Value = "MMBT5551FSCT-ND"; VariantName = "[No Variations]"
Add component (AddParameter): Name = "Supplier Part Number 2"; Value = "512-MMBT5551"; VariantName = "[No Variations]"
Add component (AddParameter): Name = "Temperature"; Value = "to"; VariantName = "[No Variations]"
Add component (AddParameter): Name = "Value"; Value = "SKIP"; VariantName = "[No Variations]"
Add component (AddParameter): Name = "Verification Version"; Value = "0.0.0.1"; VariantName = "[No Variations]"
Add component (AddParameter): Name = "Voltage"; Value = "SKIP"; VariantName = "[No Variations]"
Added Pin To Net: NetName=NetR6_2 Pin=ST-1
Added Pin To Net: NetName=NetR3_1 Pin=ST-2
Added Pin To Net: NetName=Net3.3 Reg_3 Pin=ST-3
Added Member To Class: ClassName=Sheet Member=Component ST MMBT5551
